Running: C:\Xilinx\14.7\ISE_DS\ISE\bin\nt64\unwrapped\fuse.exe -intstyle ise -incremental -lib secureip -o C:/Users/ayroz/Desktop/team/meht/testbench_isim_beh.exe -prj C:/Users/ayroz/Desktop/team/meht/testbench_beh.prj work.testbench 
ISim P.20131013 (signature 0x7708f090)
Number of CPUs detected in this system: 4
Turning on mult-threading, number of parallel sub-compilation jobs: 8 
Determining compilation order of HDL files
Parsing VHDL file "C:/Users/ayroz/Desktop/team/meht/piso.vhd" into library work
Parsing VHDL file "C:/Users/ayroz/Desktop/team/meht/BUNZ.vhd" into library work
Parsing VHDL file "C:/Users/ayroz/Desktop/team/meht/Cin.vhd" into library work
Parsing VHDL file "C:/Users/ayroz/Desktop/team/meht/testbench.vhd" into library work
Starting static elaboration
Completed static elaboration
Compiling package standard
Compiling package std_logic_1164
Compiling package std_logic_arith
Compiling package std_logic_unsigned
Compiling architecture behavioral of entity bunz [bunz_default]
Compiling architecture behavioral of entity store_data [store_data_default]
Compiling architecture behavioral of entity Cin [cin_default]
Compiling architecture behavior of entity testbench
Time Resolution for simulation is 1ps.
Compiled 11 VHDL Units
Built simulation executable C:/Users/ayroz/Desktop/team/meht/testbench_isim_beh.exe
Fuse Memory Usage: 33792 KB
Fuse CPU Usage: 436 ms
